e:\embeddedproject\build\cmakefiles\generate.stamp
e:\embeddedproject\build\embeddedsimulator.dir\debug\vc143.pdb
e:\embeddedproject\build\embeddedsimulator.dir\debug\peripherals.obj
e:\embeddedproject\build\embeddedsimulator.dir\debug\memory.obj
e:\embeddedproject\build\embeddedsimulator.dir\debug\config.obj
e:\embeddedproject\build\embeddedsimulator.dir\debug\scheduler.obj
e:\embeddedproject\build\embeddedsimulator.dir\debug\utility.obj
e:\embeddedproject\build\embeddedsimulator.dir\debug\tempcontrol.obj
e:\embeddedproject\build\embeddedsimulator.dir\debug\trafficlight.obj
e:\embeddedproject\build\embeddedsimulator.dir\debug\gpio.obj
e:\embeddedproject\build\embeddedsimulator.dir\debug\rtos.obj
e:\embeddedproject\build\embeddedsimulator.dir\debug\cpucore.obj
e:\embeddedproject\build\embeddedsimulator.dir\debug\main.obj
e:\embeddedproject\build\debug\embeddedsimulator.exe
e:\embeddedproject\build\debug\embeddedsimulator.pdb
e:\embeddedproject\build\embeddedsimulator.dir\debug\embeddedsimulator.ilk
e:\embeddedproject\build\embeddedsimulator.dir\debug\embedded.a988e4bf.tlog\custombuild.command.1.tlog
e:\embeddedproject\build\embeddedsimulator.dir\debug\embedded.a988e4bf.tlog\custombuild.read.1.tlog
e:\embeddedproject\build\embeddedsimulator.dir\debug\embedded.a988e4bf.tlog\custombuild.write.1.tlog
e:\embeddedproject\build\embeddedsimulator.dir\debug\embedded.a988e4bf.tlog\cl.read.1.tlog
e:\embeddedproject\build\embeddedsimulator.dir\debug\embedded.a988e4bf.tlog\cl.write.1.tlog
e:\embeddedproject\build\embeddedsimulator.dir\debug\embedded.a988e4bf.tlog\cl.command.1.tlog
e:\embeddedproject\build\embeddedsimulator.dir\debug\embedded.a988e4bf.tlog\link.read.2.tlog
e:\embeddedproject\build\embeddedsimulator.dir\debug\embedded.a988e4bf.tlog\link.write.1.tlog
e:\embeddedproject\build\embeddedsimulator.dir\debug\embedded.a988e4bf.tlog\link.secondary.1.tlog
e:\embeddedproject\build\embeddedsimulator.dir\debug\embedded.a988e4bf.tlog\link.command.1.tlog
e:\embeddedproject\build\embeddedsimulator.dir\debug\embedded.a988e4bf.tlog\cl.items.tlog
